<?xml version="1.0" encoding="UTF-8"?>
<!-- Generated by org.testng.reporters.JUnitXMLReporter -->
<testsuite ignored="2" hostname="LAPTOP-AHA78SJE" failures="0" tests="2" name="test1" time="55.632" errors="0" timestamp="2022-01-18T18:56:49 IST">
  <testcase classname="Contact.EditContactTest" name="editcontact" time="27.889"/>
  <testcase classname="Contact.PopupalertTest" name="pupupalert" time="11.749"/>
  <testcase classname="com.crm.comcast.genricUtility.BaseClass" name="@BeforeSuite configBs" time="0.0">
    <ignored/>
  </testcase> <!-- @BeforeSuite configBs -->
  <testcase classname="com.crm.comcast.genricUtility.BaseClass" name="@AfterSuite configAs" time="0.0">
    <ignored/>
  </testcase> <!-- @AfterSuite configAs -->
</testsuite> <!-- test1 -->
